Arguments: 
  E:\node.exe E:\node_global\node_modules\yarn\bin\yarn.js add -D webpack-cli

PATH: 
  C:\Users\13359\bin;C:\Program Files\Git\mingw64\bin;C:\Program Files\Git\usr\local\bin;C:\Program Files\Git\usr\bin;C:\Program Files\Git\usr\bin;C:\Program Files\Git\mingw64\bin;C:\Program Files\Git\usr\bin;C:\Users\13359\bin;C:\ProgramData\Oracle\Java\javapath;C:\Program Files\Java\jdk1.8.0_144\bin;C:\WINDOWS\system32;C:\WINDOWS;C:\WINDOWS\System32\Wbem;C:\WINDOWS\System32\WindowsPowerShell\v1.0;C:\Program Files\Microsoft SQL Server\Client SDK\ODBC\130\Tools\Binn;C:\Program Files (x86)\Microsoft SQL Server\140\Tools\Binn;C:\Program Files\Microsoft SQL Server\140\Tools\Binn;C:\Program Files\Microsoft SQL Server\140\DTS\Binn;C:\Program Files (x86)\Microsoft ASP.NET\ASP.NET Web Pages\v1.0;C:\WINDOWS\System32\OpenSSH;C:\Program Files\NVIDIA Corporation\NVIDIA NvDLISR;C:\WINDOWS\system32;C:\WINDOWS;C:\WINDOWS\System32\Wbem;C:\WINDOWS\System32\WindowsPowerShell\v1.0;C:\WINDOWS\System32\OpenSSH;E:\apache-maven-3.6.1\bin;E:\nvm\nvm;E:\nvm;C:\Program Files (x86)\NVIDIA Corporation\PhysX\Common;E:\bin;E:\;E:\node_global;E:\svn\bin;E:\Git\bin;C:\Users\13359\AppData\Local\Microsoft\WindowsApps;E:\Microsoft VS Code\bin;E:\nvm\nvm;E:\nvm;C:\Users\13359\AppData\Roaming\npm;C:\Users\13359\AppData\Roaming\npm;E:\Git\bin;C:\Program Files\Git\usr\bin\vendor_perl;C:\Program Files\Git\usr\bin\core_perl

Yarn version: 
  1.22.4

Node version: 
  12.16.1

Platform: 
  win32 x64

Trace: 
  Error: ENOENT: no such file or directory, copyfile 'C:\Users\13359\AppData\Local\Yarn\Cache\v6\npm-inherits-2.0.1-b17d08d326b4423e568eff719f91b0b1cbdf69f1-integrity\node_modules\inherits\LICENSE' -> 'C:\Users\13359\Desktop\node\client\node_modules\assert\node_modules\inherits\LICENSE'

npm manifest: 
  {
    "name": "node",
    "version": "1.0.0",
    "description": "",
    "main": "index.js",
    "scripts": {
      "test": "echo \"Error: no test specified\" && exit 1",
      "build": "webpack --config webpack.config.js",
      "watch": "webpack --config webpack.config.js --watch",
      "start": "webpack-dev-server --open"
    },
    "author": "",
    "license": "ISC",
    "devDependencies": {
      "webpack": "^2.7.0",
      "webpack-dev-server": "^3.11.0"
    }
  }

yarn manifest: 
  No manifest

Lockfile: 
  No lockfile
